2025-04-14T02:14:42+00:00 DEBUG 
====Stripe Version: 9.3.2====
====Stripe Plugin API Version: 2024-06-20====
====Start Log====
account
====End Log====


2025-04-14T02:14:42+00:00 DEBUG 
====Stripe Version: 9.3.2====
====Stripe Plugin API Version: 2024-06-20====
====Start Log====
account
====End Log====


2025-04-14T02:14:43+00:00 DEBUG 
====Stripe Version: 9.3.2====
====Stripe Plugin API Version: 2024-06-20====
====Start Log====
account
====End Log====


2025-04-14T02:14:44+00:00 DEBUG 
====Stripe Version: 9.3.2====
====Stripe Plugin API Version: 2024-06-20====
====Start Log====
account
====End Log====


2025-04-14T02:14:45+00:00 DEBUG 
====Stripe Version: 9.3.2====
====Stripe Plugin API Version: 2024-06-20====
====Start Log====
account
====End Log====


2025-04-14T02:14:46+00:00 DEBUG 
====Stripe Version: 9.3.2====
====Stripe Plugin API Version: 2024-06-20====
====Start Log====
account
====End Log====


2025-04-14T02:14:46+00:00 DEBUG 
====Stripe Version: 9.3.2====
====Stripe Plugin API Version: 2024-06-20====
====Start Log====
account
====End Log====


2025-04-14T02:14:47+00:00 DEBUG 
====Stripe Version: 9.3.2====
====Stripe Plugin API Version: 2024-06-20====
====Start Log====
account
====End Log====


2025-04-14T02:14:48+00:00 DEBUG 
====Stripe Version: 9.3.2====
====Stripe Plugin API Version: 2024-06-20====
====Start Log====
account
====End Log====


2025-04-14T02:14:49+00:00 DEBUG 
====Stripe Version: 9.3.2====
====Stripe Plugin API Version: 2024-06-20====
====Start Log====
account
====End Log====


2025-04-14T07:11:24+00:00 DEBUG 
====Stripe Version: 9.3.2====
====Stripe Plugin API Version: 2024-06-20====
====Start Log====
account
====End Log====


2025-04-14T07:11:25+00:00 DEBUG 
====Stripe Version: 9.3.2====
====Stripe Plugin API Version: 2024-06-20====
====Start Log====
Stripe Express Checkout does not support free products.
====End Log====


2025-04-14T10:14:54+00:00 DEBUG 
====Stripe Version: 9.3.2====
====Stripe Plugin API Version: 2024-06-20====
====Start Log====
account
====End Log====


2025-04-14T13:21:24+00:00 DEBUG 
====Stripe Version: 9.3.2====
====Stripe Plugin API Version: 2024-06-20====
====Start Log====
account
====End Log====


