2025-04-25T10:14:41+00:00 DEBUG 
====Stripe Version: 9.3.2====
====Stripe Plugin API Version: 2024-06-20====
====Start Log====
account
====End Log====


2025-04-25T10:14:42+00:00 DEBUG 
====Stripe Version: 9.3.2====
====Stripe Plugin API Version: 2024-06-20====
====Start Log====
account
====End Log====


2025-04-25T10:14:43+00:00 DEBUG 
====Stripe Version: 9.3.2====
====Stripe Plugin API Version: 2024-06-20====
====Start Log====
account
====End Log====


2025-04-25T10:14:43+00:00 DEBUG 
====Stripe Version: 9.3.2====
====Stripe Plugin API Version: 2024-06-20====
====Start Log====
account
====End Log====


2025-04-25T10:14:43+00:00 DEBUG 
====Stripe Version: 9.3.2====
====Stripe Plugin API Version: 2024-06-20====
====Start Log====
account
====End Log====


2025-04-25T10:14:43+00:00 DEBUG 
====Stripe Version: 9.3.2====
====Stripe Plugin API Version: 2024-06-20====
====Start Log====
account
====End Log====


2025-04-25T10:14:44+00:00 DEBUG 
====Stripe Version: 9.3.2====
====Stripe Plugin API Version: 2024-06-20====
====Start Log====
account
====End Log====


2025-04-25T10:14:44+00:00 DEBUG 
====Stripe Version: 9.3.2====
====Stripe Plugin API Version: 2024-06-20====
====Start Log====
account
====End Log====


2025-04-25T10:14:45+00:00 DEBUG 
====Stripe Version: 9.3.2====
====Stripe Plugin API Version: 2024-06-20====
====Start Log====
account
====End Log====


2025-04-25T10:14:45+00:00 DEBUG 
====Stripe Version: 9.3.2====
====Stripe Plugin API Version: 2024-06-20====
====Start Log====
account
====End Log====


2025-04-25T10:14:45+00:00 DEBUG 
====Stripe Version: 9.3.2====
====Stripe Plugin API Version: 2024-06-20====
====Start Log====
account
====End Log====


2025-04-25T10:14:45+00:00 DEBUG 
====Stripe Version: 9.3.2====
====Stripe Plugin API Version: 2024-06-20====
====Start Log====
account
====End Log====


2025-04-25T10:14:46+00:00 DEBUG 
====Stripe Version: 9.3.2====
====Stripe Plugin API Version: 2024-06-20====
====Start Log====
account
====End Log====


2025-04-25T10:14:46+00:00 DEBUG 
====Stripe Version: 9.3.2====
====Stripe Plugin API Version: 2024-06-20====
====Start Log====
account
====End Log====


2025-04-25T10:14:47+00:00 DEBUG 
====Stripe Version: 9.3.2====
====Stripe Plugin API Version: 2024-06-20====
====Start Log====
account
====End Log====


2025-04-25T10:14:47+00:00 DEBUG 
====Stripe Version: 9.3.2====
====Stripe Plugin API Version: 2024-06-20====
====Start Log====
account
====End Log====


2025-04-25T10:14:48+00:00 DEBUG 
====Stripe Version: 9.3.2====
====Stripe Plugin API Version: 2024-06-20====
====Start Log====
account
====End Log====


2025-04-25T10:14:48+00:00 DEBUG 
====Stripe Version: 9.3.2====
====Stripe Plugin API Version: 2024-06-20====
====Start Log====
account
====End Log====


2025-04-25T10:14:54+00:00 DEBUG 
====Stripe Version: 9.3.2====
====Stripe Plugin API Version: 2024-06-20====
====Start Log====
account
====End Log====


2025-04-25T10:14:55+00:00 DEBUG 
====Stripe Version: 9.3.2====
====Stripe Plugin API Version: 2024-06-20====
====Start Log====
account
====End Log====


2025-04-25T10:14:55+00:00 DEBUG 
====Stripe Version: 9.3.2====
====Stripe Plugin API Version: 2024-06-20====
====Start Log====
account
====End Log====


2025-04-25T10:14:56+00:00 DEBUG 
====Stripe Version: 9.3.2====
====Stripe Plugin API Version: 2024-06-20====
====Start Log====
account
====End Log====


2025-04-25T10:14:57+00:00 DEBUG 
====Stripe Version: 9.3.2====
====Stripe Plugin API Version: 2024-06-20====
====Start Log====
account
====End Log====


2025-04-25T10:14:57+00:00 DEBUG 
====Stripe Version: 9.3.2====
====Stripe Plugin API Version: 2024-06-20====
====Start Log====
account
====End Log====


2025-04-25T10:14:58+00:00 DEBUG 
====Stripe Version: 9.3.2====
====Stripe Plugin API Version: 2024-06-20====
====Start Log====
account
====End Log====


2025-04-25T10:14:59+00:00 DEBUG 
====Stripe Version: 9.3.2====
====Stripe Plugin API Version: 2024-06-20====
====Start Log====
account
====End Log====


2025-04-25T10:14:59+00:00 DEBUG 
====Stripe Version: 9.3.2====
====Stripe Plugin API Version: 2024-06-20====
====Start Log====
account
====End Log====


2025-04-25T10:14:59+00:00 DEBUG 
====Stripe Version: 9.3.2====
====Stripe Plugin API Version: 2024-06-20====
====Start Log====
account
====End Log====


2025-04-25T10:15:00+00:00 DEBUG 
====Stripe Version: 9.3.2====
====Stripe Plugin API Version: 2024-06-20====
====Start Log====
account
====End Log====


2025-04-25T10:15:01+00:00 DEBUG 
====Stripe Version: 9.3.2====
====Stripe Plugin API Version: 2024-06-20====
====Start Log====
account
====End Log====


2025-04-25T10:15:02+00:00 DEBUG 
====Stripe Version: 9.3.2====
====Stripe Plugin API Version: 2024-06-20====
====Start Log====
account
====End Log====


2025-04-25T10:15:03+00:00 DEBUG 
====Stripe Version: 9.3.2====
====Stripe Plugin API Version: 2024-06-20====
====Start Log====
account
====End Log====


2025-04-25T10:15:03+00:00 DEBUG 
====Stripe Version: 9.3.2====
====Stripe Plugin API Version: 2024-06-20====
====Start Log====
account
====End Log====


2025-04-25T10:15:03+00:00 DEBUG 
====Stripe Version: 9.3.2====
====Stripe Plugin API Version: 2024-06-20====
====Start Log====
account
====End Log====


2025-04-25T10:15:03+00:00 DEBUG 
====Stripe Version: 9.3.2====
====Stripe Plugin API Version: 2024-06-20====
====Start Log====
account
====End Log====


2025-04-25T10:15:04+00:00 DEBUG 
====Stripe Version: 9.3.2====
====Stripe Plugin API Version: 2024-06-20====
====Start Log====
account
====End Log====


2025-04-25T10:15:04+00:00 DEBUG 
====Stripe Version: 9.3.2====
====Stripe Plugin API Version: 2024-06-20====
====Start Log====
account
====End Log====


2025-04-25T10:15:04+00:00 DEBUG 
====Stripe Version: 9.3.2====
====Stripe Plugin API Version: 2024-06-20====
====Start Log====
account
====End Log====


2025-04-25T10:15:04+00:00 DEBUG 
====Stripe Version: 9.3.2====
====Stripe Plugin API Version: 2024-06-20====
====Start Log====
account
====End Log====


2025-04-25T10:15:04+00:00 DEBUG 
====Stripe Version: 9.3.2====
====Stripe Plugin API Version: 2024-06-20====
====Start Log====
account
====End Log====


2025-04-25T10:15:05+00:00 DEBUG 
====Stripe Version: 9.3.2====
====Stripe Plugin API Version: 2024-06-20====
====Start Log====
account
====End Log====


2025-04-25T10:15:05+00:00 DEBUG 
====Stripe Version: 9.3.2====
====Stripe Plugin API Version: 2024-06-20====
====Start Log====
account
====End Log====


2025-04-25T10:15:05+00:00 DEBUG 
====Stripe Version: 9.3.2====
====Stripe Plugin API Version: 2024-06-20====
====Start Log====
account
====End Log====


2025-04-25T10:15:06+00:00 DEBUG 
====Stripe Version: 9.3.2====
====Stripe Plugin API Version: 2024-06-20====
====Start Log====
account
====End Log====


2025-04-25T10:15:06+00:00 DEBUG 
====Stripe Version: 9.3.2====
====Stripe Plugin API Version: 2024-06-20====
====Start Log====
account
====End Log====


2025-04-25T10:15:06+00:00 DEBUG 
====Stripe Version: 9.3.2====
====Stripe Plugin API Version: 2024-06-20====
====Start Log====
account
====End Log====


2025-04-25T10:15:06+00:00 DEBUG 
====Stripe Version: 9.3.2====
====Stripe Plugin API Version: 2024-06-20====
====Start Log====
account
====End Log====


2025-04-25T10:15:07+00:00 DEBUG 
====Stripe Version: 9.3.2====
====Stripe Plugin API Version: 2024-06-20====
====Start Log====
account
====End Log====


2025-04-25T10:15:07+00:00 DEBUG 
====Stripe Version: 9.3.2====
====Stripe Plugin API Version: 2024-06-20====
====Start Log====
account
====End Log====


2025-04-25T10:15:07+00:00 DEBUG 
====Stripe Version: 9.3.2====
====Stripe Plugin API Version: 2024-06-20====
====Start Log====
account
====End Log====


2025-04-25T10:15:07+00:00 DEBUG 
====Stripe Version: 9.3.2====
====Stripe Plugin API Version: 2024-06-20====
====Start Log====
account
====End Log====


2025-04-25T10:15:07+00:00 DEBUG 
====Stripe Version: 9.3.2====
====Stripe Plugin API Version: 2024-06-20====
====Start Log====
account
====End Log====


2025-04-25T10:15:08+00:00 DEBUG 
====Stripe Version: 9.3.2====
====Stripe Plugin API Version: 2024-06-20====
====Start Log====
account
====End Log====


2025-04-25T10:15:08+00:00 DEBUG 
====Stripe Version: 9.3.2====
====Stripe Plugin API Version: 2024-06-20====
====Start Log====
account
====End Log====


2025-04-25T10:15:08+00:00 DEBUG 
====Stripe Version: 9.3.2====
====Stripe Plugin API Version: 2024-06-20====
====Start Log====
account
====End Log====


2025-04-25T10:15:08+00:00 DEBUG 
====Stripe Version: 9.3.2====
====Stripe Plugin API Version: 2024-06-20====
====Start Log====
account
====End Log====


2025-04-25T10:15:09+00:00 DEBUG 
====Stripe Version: 9.3.2====
====Stripe Plugin API Version: 2024-06-20====
====Start Log====
account
====End Log====


2025-04-25T10:15:16+00:00 DEBUG 
====Stripe Version: 9.3.2====
====Stripe Plugin API Version: 2024-06-20====
====Start Log====
account
====End Log====


2025-04-25T10:15:17+00:00 DEBUG 
====Stripe Version: 9.3.2====
====Stripe Plugin API Version: 2024-06-20====
====Start Log====
account
====End Log====


2025-04-25T10:15:18+00:00 DEBUG 
====Stripe Version: 9.3.2====
====Stripe Plugin API Version: 2024-06-20====
====Start Log====
account
====End Log====


2025-04-25T10:15:21+00:00 DEBUG 
====Stripe Version: 9.3.2====
====Stripe Plugin API Version: 2024-06-20====
====Start Log====
account
====End Log====


2025-04-25T10:15:21+00:00 DEBUG 
====Stripe Version: 9.3.2====
====Stripe Plugin API Version: 2024-06-20====
====Start Log====
account
====End Log====


2025-04-25T10:15:22+00:00 DEBUG 
====Stripe Version: 9.3.2====
====Stripe Plugin API Version: 2024-06-20====
====Start Log====
account
====End Log====


2025-04-25T10:15:22+00:00 DEBUG 
====Stripe Version: 9.3.2====
====Stripe Plugin API Version: 2024-06-20====
====Start Log====
account
====End Log====


2025-04-25T10:15:23+00:00 DEBUG 
====Stripe Version: 9.3.2====
====Stripe Plugin API Version: 2024-06-20====
====Start Log====
account
====End Log====


2025-04-25T10:15:24+00:00 DEBUG 
====Stripe Version: 9.3.2====
====Stripe Plugin API Version: 2024-06-20====
====Start Log====
account
====End Log====


2025-04-25T10:15:24+00:00 DEBUG 
====Stripe Version: 9.3.2====
====Stripe Plugin API Version: 2024-06-20====
====Start Log====
account
====End Log====


2025-04-25T10:15:25+00:00 DEBUG 
====Stripe Version: 9.3.2====
====Stripe Plugin API Version: 2024-06-20====
====Start Log====
account
====End Log====


2025-04-25T10:15:25+00:00 DEBUG 
====Stripe Version: 9.3.2====
====Stripe Plugin API Version: 2024-06-20====
====Start Log====
account
====End Log====


2025-04-25T10:15:26+00:00 DEBUG 
====Stripe Version: 9.3.2====
====Stripe Plugin API Version: 2024-06-20====
====Start Log====
account
====End Log====


2025-04-25T10:15:27+00:00 DEBUG 
====Stripe Version: 9.3.2====
====Stripe Plugin API Version: 2024-06-20====
====Start Log====
account
====End Log====


2025-04-25T10:15:27+00:00 DEBUG 
====Stripe Version: 9.3.2====
====Stripe Plugin API Version: 2024-06-20====
====Start Log====
account
====End Log====


2025-04-25T10:15:28+00:00 DEBUG 
====Stripe Version: 9.3.2====
====Stripe Plugin API Version: 2024-06-20====
====Start Log====
account
====End Log====


2025-04-25T10:15:29+00:00 DEBUG 
====Stripe Version: 9.3.2====
====Stripe Plugin API Version: 2024-06-20====
====Start Log====
account
====End Log====


2025-04-25T10:15:29+00:00 DEBUG 
====Stripe Version: 9.3.2====
====Stripe Plugin API Version: 2024-06-20====
====Start Log====
account
====End Log====


2025-04-25T10:15:30+00:00 DEBUG 
====Stripe Version: 9.3.2====
====Stripe Plugin API Version: 2024-06-20====
====Start Log====
account
====End Log====


2025-04-25T10:15:31+00:00 DEBUG 
====Stripe Version: 9.3.2====
====Stripe Plugin API Version: 2024-06-20====
====Start Log====
account
====End Log====


2025-04-25T10:15:31+00:00 DEBUG 
====Stripe Version: 9.3.2====
====Stripe Plugin API Version: 2024-06-20====
====Start Log====
account
====End Log====


2025-04-25T10:15:40+00:00 DEBUG 
====Stripe Version: 9.3.2====
====Stripe Plugin API Version: 2024-06-20====
====Start Log====
account
====End Log====


2025-04-25T10:15:40+00:00 DEBUG 
====Stripe Version: 9.3.2====
====Stripe Plugin API Version: 2024-06-20====
====Start Log====
account
====End Log====


2025-04-25T10:15:41+00:00 DEBUG 
====Stripe Version: 9.3.2====
====Stripe Plugin API Version: 2024-06-20====
====Start Log====
account
====End Log====


2025-04-25T10:15:41+00:00 DEBUG 
====Stripe Version: 9.3.2====
====Stripe Plugin API Version: 2024-06-20====
====Start Log====
account
====End Log====


2025-04-25T10:15:41+00:00 DEBUG 
====Stripe Version: 9.3.2====
====Stripe Plugin API Version: 2024-06-20====
====Start Log====
account
====End Log====


2025-04-25T10:15:41+00:00 DEBUG 
====Stripe Version: 9.3.2====
====Stripe Plugin API Version: 2024-06-20====
====Start Log====
account
====End Log====


2025-04-25T10:15:42+00:00 DEBUG 
====Stripe Version: 9.3.2====
====Stripe Plugin API Version: 2024-06-20====
====Start Log====
account
====End Log====


2025-04-25T10:15:42+00:00 DEBUG 
====Stripe Version: 9.3.2====
====Stripe Plugin API Version: 2024-06-20====
====Start Log====
account
====End Log====


2025-04-25T10:15:43+00:00 DEBUG 
====Stripe Version: 9.3.2====
====Stripe Plugin API Version: 2024-06-20====
====Start Log====
account
====End Log====


2025-04-25T10:15:43+00:00 DEBUG 
====Stripe Version: 9.3.2====
====Stripe Plugin API Version: 2024-06-20====
====Start Log====
account
====End Log====


2025-04-25T10:15:44+00:00 DEBUG 
====Stripe Version: 9.3.2====
====Stripe Plugin API Version: 2024-06-20====
====Start Log====
account
====End Log====


2025-04-25T10:15:44+00:00 DEBUG 
====Stripe Version: 9.3.2====
====Stripe Plugin API Version: 2024-06-20====
====Start Log====
account
====End Log====


2025-04-25T10:15:44+00:00 DEBUG 
====Stripe Version: 9.3.2====
====Stripe Plugin API Version: 2024-06-20====
====Start Log====
account
====End Log====


2025-04-25T10:15:44+00:00 DEBUG 
====Stripe Version: 9.3.2====
====Stripe Plugin API Version: 2024-06-20====
====Start Log====
account
====End Log====


2025-04-25T10:15:45+00:00 DEBUG 
====Stripe Version: 9.3.2====
====Stripe Plugin API Version: 2024-06-20====
====Start Log====
account
====End Log====


2025-04-25T10:15:45+00:00 DEBUG 
====Stripe Version: 9.3.2====
====Stripe Plugin API Version: 2024-06-20====
====Start Log====
account
====End Log====


2025-04-25T10:15:46+00:00 DEBUG 
====Stripe Version: 9.3.2====
====Stripe Plugin API Version: 2024-06-20====
====Start Log====
account
====End Log====


2025-04-25T10:15:46+00:00 DEBUG 
====Stripe Version: 9.3.2====
====Stripe Plugin API Version: 2024-06-20====
====Start Log====
account
====End Log====


2025-04-25T10:15:51+00:00 DEBUG 
====Stripe Version: 9.3.2====
====Stripe Plugin API Version: 2024-06-20====
====Start Log====
account
====End Log====


2025-04-25T10:15:52+00:00 DEBUG 
====Stripe Version: 9.3.2====
====Stripe Plugin API Version: 2024-06-20====
====Start Log====
account
====End Log====


2025-04-25T10:15:53+00:00 DEBUG 
====Stripe Version: 9.3.2====
====Stripe Plugin API Version: 2024-06-20====
====Start Log====
account
====End Log====


2025-04-25T10:15:53+00:00 DEBUG 
====Stripe Version: 9.3.2====
====Stripe Plugin API Version: 2024-06-20====
====Start Log====
account
====End Log====


2025-04-25T10:15:54+00:00 DEBUG 
====Stripe Version: 9.3.2====
====Stripe Plugin API Version: 2024-06-20====
====Start Log====
account
====End Log====


2025-04-25T10:15:54+00:00 DEBUG 
====Stripe Version: 9.3.2====
====Stripe Plugin API Version: 2024-06-20====
====Start Log====
account
====End Log====


2025-04-25T10:15:55+00:00 DEBUG 
====Stripe Version: 9.3.2====
====Stripe Plugin API Version: 2024-06-20====
====Start Log====
account
====End Log====


2025-04-25T10:15:56+00:00 DEBUG 
====Stripe Version: 9.3.2====
====Stripe Plugin API Version: 2024-06-20====
====Start Log====
account
====End Log====


2025-04-25T10:15:56+00:00 DEBUG 
====Stripe Version: 9.3.2====
====Stripe Plugin API Version: 2024-06-20====
====Start Log====
account
====End Log====


2025-04-25T10:16:16+00:00 DEBUG 
====Stripe Version: 9.3.2====
====Stripe Plugin API Version: 2024-06-20====
====Start Log====
account
====End Log====


2025-04-25T10:16:17+00:00 DEBUG 
====Stripe Version: 9.3.2====
====Stripe Plugin API Version: 2024-06-20====
====Start Log====
account
====End Log====


2025-04-25T10:16:18+00:00 DEBUG 
====Stripe Version: 9.3.2====
====Stripe Plugin API Version: 2024-06-20====
====Start Log====
account
====End Log====


2025-04-25T10:16:19+00:00 DEBUG 
====Stripe Version: 9.3.2====
====Stripe Plugin API Version: 2024-06-20====
====Start Log====
account
====End Log====


2025-04-25T10:16:19+00:00 DEBUG 
====Stripe Version: 9.3.2====
====Stripe Plugin API Version: 2024-06-20====
====Start Log====
account
====End Log====


2025-04-25T10:16:19+00:00 DEBUG 
====Stripe Version: 9.3.2====
====Stripe Plugin API Version: 2024-06-20====
====Start Log====
account
====End Log====


2025-04-25T10:16:19+00:00 DEBUG 
====Stripe Version: 9.3.2====
====Stripe Plugin API Version: 2024-06-20====
====Start Log====
account
====End Log====


2025-04-25T10:16:20+00:00 DEBUG 
====Stripe Version: 9.3.2====
====Stripe Plugin API Version: 2024-06-20====
====Start Log====
account
====End Log====


2025-04-25T10:16:20+00:00 DEBUG 
====Stripe Version: 9.3.2====
====Stripe Plugin API Version: 2024-06-20====
====Start Log====
account
====End Log====


2025-04-25T10:16:21+00:00 DEBUG 
====Stripe Version: 9.3.2====
====Stripe Plugin API Version: 2024-06-20====
====Start Log====
account
====End Log====


2025-04-25T10:16:21+00:00 DEBUG 
====Stripe Version: 9.3.2====
====Stripe Plugin API Version: 2024-06-20====
====Start Log====
account
====End Log====


2025-04-25T10:16:21+00:00 DEBUG 
====Stripe Version: 9.3.2====
====Stripe Plugin API Version: 2024-06-20====
====Start Log====
account
====End Log====


2025-04-25T10:16:22+00:00 DEBUG 
====Stripe Version: 9.3.2====
====Stripe Plugin API Version: 2024-06-20====
====Start Log====
account
====End Log====


2025-04-25T10:16:22+00:00 DEBUG 
====Stripe Version: 9.3.2====
====Stripe Plugin API Version: 2024-06-20====
====Start Log====
account
====End Log====


2025-04-25T10:16:23+00:00 DEBUG 
====Stripe Version: 9.3.2====
====Stripe Plugin API Version: 2024-06-20====
====Start Log====
account
====End Log====


2025-04-25T10:16:23+00:00 DEBUG 
====Stripe Version: 9.3.2====
====Stripe Plugin API Version: 2024-06-20====
====Start Log====
account
====End Log====


2025-04-25T10:16:23+00:00 DEBUG 
====Stripe Version: 9.3.2====
====Stripe Plugin API Version: 2024-06-20====
====Start Log====
account
====End Log====


2025-04-25T10:16:24+00:00 DEBUG 
====Stripe Version: 9.3.2====
====Stripe Plugin API Version: 2024-06-20====
====Start Log====
account
====End Log====


2025-04-25T10:16:24+00:00 DEBUG 
====Stripe Version: 9.3.2====
====Stripe Plugin API Version: 2024-06-20====
====Start Log====
account
====End Log====


2025-04-25T10:16:24+00:00 DEBUG 
====Stripe Version: 9.3.2====
====Stripe Plugin API Version: 2024-06-20====
====Start Log====
account
====End Log====


2025-04-25T10:16:25+00:00 DEBUG 
====Stripe Version: 9.3.2====
====Stripe Plugin API Version: 2024-06-20====
====Start Log====
account
====End Log====


2025-04-25T10:16:25+00:00 DEBUG 
====Stripe Version: 9.3.2====
====Stripe Plugin API Version: 2024-06-20====
====Start Log====
account
====End Log====


2025-04-25T10:16:25+00:00 DEBUG 
====Stripe Version: 9.3.2====
====Stripe Plugin API Version: 2024-06-20====
====Start Log====
account
====End Log====


2025-04-25T10:16:26+00:00 DEBUG 
====Stripe Version: 9.3.2====
====Stripe Plugin API Version: 2024-06-20====
====Start Log====
account
====End Log====


2025-04-25T10:16:26+00:00 DEBUG 
====Stripe Version: 9.3.2====
====Stripe Plugin API Version: 2024-06-20====
====Start Log====
account
====End Log====


2025-04-25T10:16:27+00:00 DEBUG 
====Stripe Version: 9.3.2====
====Stripe Plugin API Version: 2024-06-20====
====Start Log====
account
====End Log====


2025-04-25T10:16:27+00:00 DEBUG 
====Stripe Version: 9.3.2====
====Stripe Plugin API Version: 2024-06-20====
====Start Log====
account
====End Log====


2025-04-25T10:16:27+00:00 DEBUG 
====Stripe Version: 9.3.2====
====Stripe Plugin API Version: 2024-06-20====
====Start Log====
account
====End Log====


2025-04-25T10:16:28+00:00 DEBUG 
====Stripe Version: 9.3.2====
====Stripe Plugin API Version: 2024-06-20====
====Start Log====
account
====End Log====


2025-04-25T10:16:28+00:00 DEBUG 
====Stripe Version: 9.3.2====
====Stripe Plugin API Version: 2024-06-20====
====Start Log====
account
====End Log====


2025-04-25T10:16:29+00:00 DEBUG 
====Stripe Version: 9.3.2====
====Stripe Plugin API Version: 2024-06-20====
====Start Log====
account
====End Log====


2025-04-25T10:16:30+00:00 DEBUG 
====Stripe Version: 9.3.2====
====Stripe Plugin API Version: 2024-06-20====
====Start Log====
account
====End Log====


2025-04-25T10:16:34+00:00 DEBUG 
====Stripe Version: 9.3.2====
====Stripe Plugin API Version: 2024-06-20====
====Start Log====
account
====End Log====


2025-04-25T10:16:35+00:00 DEBUG 
====Stripe Version: 9.3.2====
====Stripe Plugin API Version: 2024-06-20====
====Start Log====
account
====End Log====


2025-04-25T10:16:35+00:00 DEBUG 
====Stripe Version: 9.3.2====
====Stripe Plugin API Version: 2024-06-20====
====Start Log====
account
====End Log====


2025-04-25T10:16:36+00:00 DEBUG 
====Stripe Version: 9.3.2====
====Stripe Plugin API Version: 2024-06-20====
====Start Log====
account
====End Log====


2025-04-25T10:16:37+00:00 DEBUG 
====Stripe Version: 9.3.2====
====Stripe Plugin API Version: 2024-06-20====
====Start Log====
account
====End Log====


2025-04-25T10:16:37+00:00 DEBUG 
====Stripe Version: 9.3.2====
====Stripe Plugin API Version: 2024-06-20====
====Start Log====
account
====End Log====


2025-04-25T10:16:38+00:00 DEBUG 
====Stripe Version: 9.3.2====
====Stripe Plugin API Version: 2024-06-20====
====Start Log====
account
====End Log====


2025-04-25T10:16:39+00:00 DEBUG 
====Stripe Version: 9.3.2====
====Stripe Plugin API Version: 2024-06-20====
====Start Log====
account
====End Log====


2025-04-25T10:16:39+00:00 DEBUG 
====Stripe Version: 9.3.2====
====Stripe Plugin API Version: 2024-06-20====
====Start Log====
account
====End Log====


2025-04-25T10:16:40+00:00 DEBUG 
====Stripe Version: 9.3.2====
====Stripe Plugin API Version: 2024-06-20====
====Start Log====
account
====End Log====


2025-04-25T10:16:41+00:00 DEBUG 
====Stripe Version: 9.3.2====
====Stripe Plugin API Version: 2024-06-20====
====Start Log====
account
====End Log====


2025-04-25T10:16:42+00:00 DEBUG 
====Stripe Version: 9.3.2====
====Stripe Plugin API Version: 2024-06-20====
====Start Log====
account
====End Log====


2025-04-25T10:16:42+00:00 DEBUG 
====Stripe Version: 9.3.2====
====Stripe Plugin API Version: 2024-06-20====
====Start Log====
account
====End Log====


2025-04-25T10:16:44+00:00 DEBUG 
====Stripe Version: 9.3.2====
====Stripe Plugin API Version: 2024-06-20====
====Start Log====
account
====End Log====


2025-04-25T10:16:44+00:00 DEBUG 
====Stripe Version: 9.3.2====
====Stripe Plugin API Version: 2024-06-20====
====Start Log====
account
====End Log====


2025-04-25T10:16:45+00:00 DEBUG 
====Stripe Version: 9.3.2====
====Stripe Plugin API Version: 2024-06-20====
====Start Log====
account
====End Log====


2025-04-25T10:16:46+00:00 DEBUG 
====Stripe Version: 9.3.2====
====Stripe Plugin API Version: 2024-06-20====
====Start Log====
account
====End Log====


2025-04-25T10:16:46+00:00 DEBUG 
====Stripe Version: 9.3.2====
====Stripe Plugin API Version: 2024-06-20====
====Start Log====
account
====End Log====


2025-04-25T10:16:47+00:00 DEBUG 
====Stripe Version: 9.3.2====
====Stripe Plugin API Version: 2024-06-20====
====Start Log====
account
====End Log====


2025-04-25T10:16:48+00:00 DEBUG 
====Stripe Version: 9.3.2====
====Stripe Plugin API Version: 2024-06-20====
====Start Log====
account
====End Log====


2025-04-25T10:16:49+00:00 DEBUG 
====Stripe Version: 9.3.2====
====Stripe Plugin API Version: 2024-06-20====
====Start Log====
account
====End Log====


2025-04-25T10:16:50+00:00 DEBUG 
====Stripe Version: 9.3.2====
====Stripe Plugin API Version: 2024-06-20====
====Start Log====
account
====End Log====


2025-04-25T10:16:51+00:00 DEBUG 
====Stripe Version: 9.3.2====
====Stripe Plugin API Version: 2024-06-20====
====Start Log====
account
====End Log====


2025-04-25T10:16:52+00:00 DEBUG 
====Stripe Version: 9.3.2====
====Stripe Plugin API Version: 2024-06-20====
====Start Log====
account
====End Log====


2025-04-25T10:16:52+00:00 DEBUG 
====Stripe Version: 9.3.2====
====Stripe Plugin API Version: 2024-06-20====
====Start Log====
account
====End Log====


2025-04-25T10:16:53+00:00 DEBUG 
====Stripe Version: 9.3.2====
====Stripe Plugin API Version: 2024-06-20====
====Start Log====
account
====End Log====


2025-04-25T10:16:54+00:00 DEBUG 
====Stripe Version: 9.3.2====
====Stripe Plugin API Version: 2024-06-20====
====Start Log====
account
====End Log====


2025-04-25T10:16:54+00:00 DEBUG 
====Stripe Version: 9.3.2====
====Stripe Plugin API Version: 2024-06-20====
====Start Log====
account
====End Log====


2025-04-25T10:16:55+00:00 DEBUG 
====Stripe Version: 9.3.2====
====Stripe Plugin API Version: 2024-06-20====
====Start Log====
account
====End Log====


2025-04-25T10:16:56+00:00 DEBUG 
====Stripe Version: 9.3.2====
====Stripe Plugin API Version: 2024-06-20====
====Start Log====
account
====End Log====


2025-04-25T10:16:56+00:00 DEBUG 
====Stripe Version: 9.3.2====
====Stripe Plugin API Version: 2024-06-20====
====Start Log====
account
====End Log====


2025-04-25T10:16:57+00:00 DEBUG 
====Stripe Version: 9.3.2====
====Stripe Plugin API Version: 2024-06-20====
====Start Log====
account
====End Log====


2025-04-25T10:16:57+00:00 DEBUG 
====Stripe Version: 9.3.2====
====Stripe Plugin API Version: 2024-06-20====
====Start Log====
account
====End Log====


2025-04-25T10:16:58+00:00 DEBUG 
====Stripe Version: 9.3.2====
====Stripe Plugin API Version: 2024-06-20====
====Start Log====
account
====End Log====


2025-04-25T10:16:59+00:00 DEBUG 
====Stripe Version: 9.3.2====
====Stripe Plugin API Version: 2024-06-20====
====Start Log====
account
====End Log====


2025-04-25T10:16:59+00:00 DEBUG 
====Stripe Version: 9.3.2====
====Stripe Plugin API Version: 2024-06-20====
====Start Log====
account
====End Log====


2025-04-25T10:17:00+00:00 DEBUG 
====Stripe Version: 9.3.2====
====Stripe Plugin API Version: 2024-06-20====
====Start Log====
payment_methods request: Array
(
    [customer] => cus_S6rcXHei2l8Jnc
    [type] => card
    [limit] => 100
)

====End Log====


2025-04-25T10:17:01+00:00 DEBUG 
====Stripe Version: 9.3.2====
====Stripe Plugin API Version: 2024-06-20====
====Start Log====
payment_methods response with stripe-version: 2024-06-20
====End Log====


2025-04-25T10:17:01+00:00 DEBUG 
====Stripe Version: 9.3.2====
====Stripe Plugin API Version: 2024-06-20====
====Start Log====
payment_methods request: Array
(
    [customer] => cus_S6rcXHei2l8Jnc
    [type] => card
    [limit] => 100
)

====End Log====


2025-04-25T10:17:01+00:00 DEBUG 
====Stripe Version: 9.3.2====
====Stripe Plugin API Version: 2024-06-20====
====Start Log====
payment_methods response with stripe-version: 2024-06-20
====End Log====


2025-04-25T10:17:01+00:00 DEBUG 
====Stripe Version: 9.3.2====
====Stripe Plugin API Version: 2024-06-20====
====Start Log====
account
====End Log====


2025-04-25T10:17:02+00:00 DEBUG 
====Stripe Version: 9.3.2====
====Stripe Plugin API Version: 2024-06-20====
====Start Log====
account
====End Log====


2025-04-25T10:17:03+00:00 DEBUG 
====Stripe Version: 9.3.2====
====Stripe Plugin API Version: 2024-06-20====
====Start Log====
account
====End Log====


2025-04-25T10:17:03+00:00 DEBUG 
====Stripe Version: 9.3.2====
====Stripe Plugin API Version: 2024-06-20====
====Start Log====
account
====End Log====


2025-04-25T10:17:08+00:00 DEBUG 
====Stripe Version: 9.3.2====
====Stripe Plugin API Version: 2024-06-20====
====Start Log====
account
====End Log====


2025-04-25T10:17:09+00:00 DEBUG 
====Stripe Version: 9.3.2====
====Stripe Plugin API Version: 2024-06-20====
====Start Log====
account
====End Log====


2025-04-25T10:17:09+00:00 DEBUG 
====Stripe Version: 9.3.2====
====Stripe Plugin API Version: 2024-06-20====
====Start Log====
account
====End Log====


2025-04-25T10:17:10+00:00 DEBUG 
====Stripe Version: 9.3.2====
====Stripe Plugin API Version: 2024-06-20====
====Start Log====
payment_methods request: Array
(
    [customer] => cus_S6rcXHei2l8Jnc
    [type] => card
    [limit] => 100
)

====End Log====


2025-04-25T10:17:11+00:00 DEBUG 
====Stripe Version: 9.3.2====
====Stripe Plugin API Version: 2024-06-20====
====Start Log====
payment_methods response with stripe-version: 2024-06-20
====End Log====


2025-04-25T10:17:11+00:00 DEBUG 
====Stripe Version: 9.3.2====
====Stripe Plugin API Version: 2024-06-20====
====Start Log====
payment_methods request: Array
(
    [customer] => cus_S6rcXHei2l8Jnc
    [type] => card
    [limit] => 100
)

====End Log====


2025-04-25T10:17:11+00:00 DEBUG 
====Stripe Version: 9.3.2====
====Stripe Plugin API Version: 2024-06-20====
====Start Log====
payment_methods response with stripe-version: 2024-06-20
====End Log====


2025-04-25T10:17:14+00:00 DEBUG 
====Stripe Version: 9.3.2====
====Stripe Plugin API Version: 2024-06-20====
====Start Log====
account
====End Log====


2025-04-25T10:17:15+00:00 DEBUG 
====Stripe Version: 9.3.2====
====Stripe Plugin API Version: 2024-06-20====
====Start Log====
account
====End Log====


2025-04-25T10:17:16+00:00 DEBUG 
====Stripe Version: 9.3.2====
====Stripe Plugin API Version: 2024-06-20====
====Start Log====
account
====End Log====


2025-04-25T10:17:16+00:00 DEBUG 
====Stripe Version: 9.3.2====
====Stripe Plugin API Version: 2024-06-20====
====Start Log====
account
====End Log====


2025-04-25T10:17:17+00:00 DEBUG 
====Stripe Version: 9.3.2====
====Stripe Plugin API Version: 2024-06-20====
====Start Log====
account
====End Log====


2025-04-25T10:17:18+00:00 DEBUG 
====Stripe Version: 9.3.2====
====Stripe Plugin API Version: 2024-06-20====
====Start Log====
account
====End Log====


2025-04-25T10:17:18+00:00 DEBUG 
====Stripe Version: 9.3.2====
====Stripe Plugin API Version: 2024-06-20====
====Start Log====
account
====End Log====


2025-04-25T10:17:19+00:00 DEBUG 
====Stripe Version: 9.3.2====
====Stripe Plugin API Version: 2024-06-20====
====Start Log====
account
====End Log====


2025-04-25T10:17:20+00:00 DEBUG 
====Stripe Version: 9.3.2====
====Stripe Plugin API Version: 2024-06-20====
====Start Log====
account
====End Log====


2025-04-25T10:17:20+00:00 DEBUG 
====Stripe Version: 9.3.2====
====Stripe Plugin API Version: 2024-06-20====
====Start Log====
account
====End Log====


2025-04-25T10:17:21+00:00 DEBUG 
====Stripe Version: 9.3.2====
====Stripe Plugin API Version: 2024-06-20====
====Start Log====
account
====End Log====


2025-04-25T10:17:21+00:00 DEBUG 
====Stripe Version: 9.3.2====
====Stripe Plugin API Version: 2024-06-20====
====Start Log====
account
====End Log====


2025-04-25T10:17:22+00:00 DEBUG 
====Stripe Version: 9.3.2====
====Stripe Plugin API Version: 2024-06-20====
====Start Log====
account
====End Log====


2025-04-25T10:17:23+00:00 DEBUG 
====Stripe Version: 9.3.2====
====Stripe Plugin API Version: 2024-06-20====
====Start Log====
account
====End Log====


2025-04-25T10:17:24+00:00 DEBUG 
====Stripe Version: 9.3.2====
====Stripe Plugin API Version: 2024-06-20====
====Start Log====
account
====End Log====


2025-04-25T10:17:24+00:00 DEBUG 
====Stripe Version: 9.3.2====
====Stripe Plugin API Version: 2024-06-20====
====Start Log====
account
====End Log====


2025-04-25T10:17:25+00:00 DEBUG 
====Stripe Version: 9.3.2====
====Stripe Plugin API Version: 2024-06-20====
====Start Log====
account
====End Log====


2025-04-25T10:17:26+00:00 DEBUG 
====Stripe Version: 9.3.2====
====Stripe Plugin API Version: 2024-06-20====
====Start Log====
account
====End Log====


2025-04-25T10:17:26+00:00 DEBUG 
====Stripe Version: 9.3.2====
====Stripe Plugin API Version: 2024-06-20====
====Start Log====
account
====End Log====


2025-04-25T10:17:27+00:00 DEBUG 
====Stripe Version: 9.3.2====
====Stripe Plugin API Version: 2024-06-20====
====Start Log====
account
====End Log====


2025-04-25T10:17:28+00:00 DEBUG 
====Stripe Version: 9.3.2====
====Stripe Plugin API Version: 2024-06-20====
====Start Log====
account
====End Log====


2025-04-25T10:18:06+00:00 DEBUG 
====Stripe Version: 9.3.2====
====Stripe Plugin API Version: 2024-06-20====
====Start Log====
account
====End Log====


2025-04-25T10:18:07+00:00 DEBUG 
====Stripe Version: 9.3.2====
====Stripe Plugin API Version: 2024-06-20====
====Start Log====
account
====End Log====


2025-04-25T10:18:07+00:00 DEBUG 
====Stripe Version: 9.3.2====
====Stripe Plugin API Version: 2024-06-20====
====Start Log====
account
====End Log====


2025-04-25T10:18:08+00:00 DEBUG 
====Stripe Version: 9.3.2====
====Stripe Plugin API Version: 2024-06-20====
====Start Log====
account
====End Log====


2025-04-25T10:18:08+00:00 DEBUG 
====Stripe Version: 9.3.2====
====Stripe Plugin API Version: 2024-06-20====
====Start Log====
account
====End Log====


2025-04-25T10:18:09+00:00 DEBUG 
====Stripe Version: 9.3.2====
====Stripe Plugin API Version: 2024-06-20====
====Start Log====
account
====End Log====


2025-04-25T10:18:10+00:00 DEBUG 
====Stripe Version: 9.3.2====
====Stripe Plugin API Version: 2024-06-20====
====Start Log====
account
====End Log====


2025-04-25T10:18:10+00:00 DEBUG 
====Stripe Version: 9.3.2====
====Stripe Plugin API Version: 2024-06-20====
====Start Log====
account
====End Log====


2025-04-25T10:18:11+00:00 DEBUG 
====Stripe Version: 9.3.2====
====Stripe Plugin API Version: 2024-06-20====
====Start Log====
account
====End Log====


2025-04-25T10:18:11+00:00 DEBUG 
====Stripe Version: 9.3.2====
====Stripe Plugin API Version: 2024-06-20====
====Start Log====
account
====End Log====


2025-04-25T10:18:12+00:00 DEBUG 
====Stripe Version: 9.3.2====
====Stripe Plugin API Version: 2024-06-20====
====Start Log====
account
====End Log====


2025-04-25T10:18:12+00:00 DEBUG 
====Stripe Version: 9.3.2====
====Stripe Plugin API Version: 2024-06-20====
====Start Log====
account
====End Log====


2025-04-25T10:18:13+00:00 DEBUG 
====Stripe Version: 9.3.2====
====Stripe Plugin API Version: 2024-06-20====
====Start Log====
account
====End Log====


2025-04-25T10:18:14+00:00 DEBUG 
====Stripe Version: 9.3.2====
====Stripe Plugin API Version: 2024-06-20====
====Start Log====
account
====End Log====


2025-04-25T10:18:14+00:00 DEBUG 
====Stripe Version: 9.3.2====
====Stripe Plugin API Version: 2024-06-20====
====Start Log====
account
====End Log====


2025-04-25T10:18:15+00:00 DEBUG 
====Stripe Version: 9.3.2====
====Stripe Plugin API Version: 2024-06-20====
====Start Log====
account
====End Log====


2025-04-25T10:18:16+00:00 DEBUG 
====Stripe Version: 9.3.2====
====Stripe Plugin API Version: 2024-06-20====
====Start Log====
account
====End Log====


2025-04-25T10:18:16+00:00 DEBUG 
====Stripe Version: 9.3.2====
====Stripe Plugin API Version: 2024-06-20====
====Start Log====
account
====End Log====


